<?xml version="1.0" encoding="UTF-8"?>
<testsuite xmlns:xsi="http://www.w3.org/2001/XMLSchema-instance" xsi:noNamespaceSchemaLocation="https://maven.apache.org/surefire/maven-surefire-plugin/xsd/surefire-test-report-3.0.xsd" version="3.0" name="com.alibaba.json.bvt.issue_2900.Issue2962" time="0.139" tests="1" errors="0" skipped="0" failures="0">
  <properties>
[...]
</properties>
  <testcase name="test_dates_different_timeZones" classname="com.alibaba.json.bvt.issue_2900.Issue2962" time="0.139">
    <system-out><![CDATA[Africa/Abidjan {"date":"2022-04-28T23:49:45.589Z"}
Africa/Accra {"date":"2022-04-28T23:49:45.594Z"}
Africa/Addis_Ababa {"date":"2022-04-29T02:49:45.594+03:00"}
Africa/Algiers {"date":"2022-04-29T00:49:45.595+01:00"}
Africa/Asmara {"date":"2022-04-29T02:49:45.595+03:00"}
Africa/Asmera {"date":"2022-04-29T02:49:45.595+03:00"}
Africa/Bamako {"date":"2022-04-28T23:49:45.595Z"}
Africa/Bangui {"date":"2022-04-29T00:49:45.595+01:00"}
Africa/Banjul {"date":"2022-04-28T23:49:45.595Z"}
Africa/Bissau {"date":"2022-04-28T23:49:45.595Z"}
Africa/Blantyre {"date":"2022-04-29T01:49:45.595+02:00"}
Africa/Brazzaville {"date":"2022-04-29T00:49:45.595+01:00"}
Africa/Bujumbura {"date":"2022-04-29T01:49:45.596+02:00"}
Africa/Cairo {"date":"2022-04-29T01:49:45.596+02:00"}
Africa/Casablanca {"date":"2022-04-28T23:49:45.596Z"}
Africa/Ceuta {"date":"2022-04-29T01:49:45.596+02:00"}
Africa/Conakry {"date":"2022-04-28T23:49:45.596Z"}
Africa/Dakar {"date":"2022-04-28T23:49:45.596Z"}
Africa/Dar_es_Salaam {"date":"2022-04-29T02:49:45.597+03:00"}
Africa/Djibouti {"date":"2022-04-29T02:49:45.597+03:00"}
Africa/Douala {"date":"2022-04-29T00:49:45.597+01:00"}
Africa/El_Aaiun {"date":"2022-04-28T23:49:45.597Z"}
Africa/Freetown {"date":"2022-04-28T23:49:45.597Z"}
Africa/Gaborone {"date":"2022-04-29T01:49:45.597+02:00"}
Africa/Harare {"date":"2022-04-29T01:49:45.597+02:00"}
Africa/Johannesburg {"date":"2022-04-29T01:49:45.597+02:00"}
Africa/Juba {"date":"2022-04-29T01:49:45.597+02:00"}
Africa/Kampala {"date":"2022-04-29T02:49:45.597+03:00"}
Africa/Khartoum {"date":"2022-04-29T01:49:45.597+02:00"}
Africa/Kigali {"date":"2022-04-29T01:49:45.597+02:00"}
Africa/Kinshasa {"date":"2022-04-29T00:49:45.598+01:00"}
Africa/Lagos {"date":"2022-04-29T00:49:45.598+01:00"}
Africa/Libreville {"date":"2022-04-29T00:49:45.598+01:00"}
Africa/Lome {"date":"2022-04-28T23:49:45.598Z"}
Africa/Luanda {"date":"2022-04-29T00:49:45.598+01:00"}
Africa/Lubumbashi {"date":"2022-04-29T01:49:45.598+02:00"}
Africa/Lusaka {"date":"2022-04-29T01:49:45.598+02:00"}
Africa/Malabo {"date":"2022-04-29T00:49:45.598+01:00"}
Africa/Maputo {"date":"2022-04-29T01:49:45.598+02:00"}
Africa/Maseru {"date":"2022-04-29T01:49:45.598+02:00"}
Africa/Mbabane {"date":"2022-04-29T01:49:45.598+02:00"}
Africa/Mogadishu {"date":"2022-04-29T02:49:45.598+03:00"}
Africa/Monrovia {"date":"2022-04-28T23:49:45.598Z"}
Africa/Nairobi {"date":"2022-04-29T02:49:45.598+03:00"}
Africa/Ndjamena {"date":"2022-04-29T00:49:45.598+01:00"}
Africa/Niamey {"date":"2022-04-29T00:49:45.600+01:00"}
Africa/Nouakchott {"date":"2022-04-28T23:49:45.602Z"}
Africa/Ouagadougou {"date":"2022-04-28T23:49:45.602Z"}
Africa/Porto-Novo {"date":"2022-04-29T00:49:45.602+01:00"}
Africa/Sao_Tome {"date":"2022-04-28T23:49:45.602Z"}
Africa/Timbuktu {"date":"2022-04-28T23:49:45.602Z"}
Africa/Tripoli {"date":"2022-04-29T01:49:45.602+02:00"}
Africa/Tunis {"date":"2022-04-29T00:49:45.603+01:00"}
Africa/Windhoek {"date":"2022-04-29T01:49:45.603+02:00"}
America/Adak {"date":"2022-04-28T14:49:45.603-09:00"}
America/Anchorage {"date":"2022-04-28T15:49:45.603-08:00"}
America/Anguilla {"date":"2022-04-28T19:49:45.603-04:00"}
America/Antigua {"date":"2022-04-28T19:49:45.604-04:00"}
America/Araguaina {"date":"2022-04-28T20:49:45.604-03:00"}
America/Argentina/Buenos_Aires {"date":"2022-04-28T20:49:45.604-03:00"}
America/Argentina/Catamarca {"date":"2022-04-28T20:49:45.604-03:00"}
America/Argentina/ComodRivadavia {"date":"2022-04-28T20:49:45.604-03:00"}
America/Argentina/Cordoba {"date":"2022-04-28T20:49:45.604-03:00"}
America/Argentina/Jujuy {"date":"2022-04-28T20:49:45.604-03:00"}
America/Argentina/La_Rioja {"date":"2022-04-28T20:49:45.604-03:00"}
America/Argentina/Mendoza {"date":"2022-04-28T20:49:45.605-03:00"}
America/Argentina/Rio_Gallegos {"date":"2022-04-28T20:49:45.605-03:00"}
America/Argentina/Salta {"date":"2022-04-28T20:49:45.605-03:00"}
America/Argentina/San_Juan {"date":"2022-04-28T20:49:45.605-03:00"}
America/Argentina/San_Luis {"date":"2022-04-28T20:49:45.605-03:00"}
America/Argentina/Tucuman {"date":"2022-04-28T20:49:45.612-03:00"}
America/Argentina/Ushuaia {"date":"2022-04-28T20:49:45.612-03:00"}
America/Aruba {"date":"2022-04-28T19:49:45.612-04:00"}
America/Asuncion {"date":"2022-04-28T19:49:45.612-04:00"}
America/Atikokan {"date":"2022-04-28T18:49:45.612-05:00"}
America/Atka {"date":"2022-04-28T14:49:45.612-09:00"}
America/Bahia {"date":"2022-04-28T20:49:45.612-03:00"}
America/Bahia_Banderas {"date":"2022-04-28T18:49:45.612-05:00"}
America/Barbados {"date":"2022-04-28T19:49:45.612-04:00"}
America/Belem {"date":"2022-04-28T20:49:45.613-03:00"}
America/Belize {"date":"2022-04-28T17:49:45.613-06:00"}
America/Blanc-Sablon {"date":"2022-04-28T19:49:45.613-04:00"}
America/Boa_Vista {"date":"2022-04-28T19:49:45.613-04:00"}
America/Bogota {"date":"2022-04-28T18:49:45.613-05:00"}
America/Boise {"date":"2022-04-28T17:49:45.613-06:00"}
America/Buenos_Aires {"date":"2022-04-28T20:49:45.613-03:00"}
America/Cambridge_Bay {"date":"2022-04-28T17:49:45.613-06:00"}
America/Campo_Grande {"date":"2022-04-28T19:49:45.613-04:00"}
America/Cancun {"date":"2022-04-28T18:49:45.613-05:00"}
America/Caracas {"date":"2022-04-28T19:49:45.613-04:00"}
America/Catamarca {"date":"2022-04-28T20:49:45.613-03:00"}
America/Cayenne {"date":"2022-04-28T20:49:45.613-03:00"}
America/Cayman {"date":"2022-04-28T18:49:45.613-05:00"}
America/Chicago {"date":"2022-04-28T18:49:45.613-05:00"}
America/Chihuahua {"date":"2022-04-28T17:49:45.613-06:00"}
America/Coral_Harbour {"date":"2022-04-28T18:49:45.614-05:00"}
America/Cordoba {"date":"2022-04-28T20:49:45.614-03:00"}
America/Costa_Rica {"date":"2022-04-28T17:49:45.614-06:00"}
America/Creston {"date":"2022-04-28T16:49:45.614-07:00"}
America/Cuiaba {"date":"2022-04-28T19:49:45.614-04:00"}
America/Curacao {"date":"2022-04-28T19:49:45.614-04:00"}
America/Danmarkshavn {"date":"2022-04-28T23:49:45.614Z"}
America/Dawson {"date":"2022-04-28T16:49:45.614-07:00"}
America/Dawson_Creek {"date":"2022-04-28T16:49:45.614-07:00"}
America/Denver {"date":"2022-04-28T17:49:45.614-06:00"}
America/Detroit {"date":"2022-04-28T19:49:45.614-04:00"}
America/Dominica {"date":"2022-04-28T19:49:45.614-04:00"}
America/Edmonton {"date":"2022-04-28T17:49:45.614-06:00"}
America/Eirunepe {"date":"2022-04-28T18:49:45.614-05:00"}
America/El_Salvador {"date":"2022-04-28T17:49:45.614-06:00"}
America/Ensenada {"date":"2022-04-28T16:49:45.614-07:00"}
America/Fort_Nelson {"date":"2022-04-28T16:49:45.614-07:00"}
America/Fort_Wayne {"date":"2022-04-28T19:49:45.615-04:00"}
America/Fortaleza {"date":"2022-04-28T20:49:45.615-03:00"}
America/Glace_Bay {"date":"2022-04-28T20:49:45.615-03:00"}
America/Godthab {"date":"2022-04-28T21:49:45.615-02:00"}
America/Goose_Bay {"date":"2022-04-28T20:49:45.615-03:00"}
America/Grand_Turk {"date":"2022-04-28T19:49:45.615-04:00"}
America/Grenada {"date":"2022-04-28T19:49:45.615-04:00"}
America/Guadeloupe {"date":"2022-04-28T19:49:45.615-04:00"}
America/Guatemala {"date":"2022-04-28T17:49:45.615-06:00"}
America/Guayaquil {"date":"2022-04-28T18:49:45.615-05:00"}
America/Guyana {"date":"2022-04-28T19:49:45.615-04:00"}
America/Halifax {"date":"2022-04-28T20:49:45.615-03:00"}
America/Havana {"date":"2022-04-28T19:49:45.615-04:00"}
America/Hermosillo {"date":"2022-04-28T16:49:45.615-07:00"}
America/Indiana/Indianapolis {"date":"2022-04-28T19:49:45.615-04:00"}
America/Indiana/Knox {"date":"2022-04-28T18:49:45.615-05:00"}
America/Indiana/Marengo {"date":"2022-04-28T19:49:45.615-04:00"}
America/Indiana/Petersburg {"date":"2022-04-28T19:49:45.615-04:00"}
America/Indiana/Tell_City {"date":"2022-04-28T18:49:45.615-05:00"}
America/Indiana/Vevay {"date":"2022-04-28T19:49:45.615-04:00"}
America/Indiana/Vincennes {"date":"2022-04-28T19:49:45.615-04:00"}
America/Indiana/Winamac {"date":"2022-04-28T19:49:45.616-04:00"}
America/Indianapolis {"date":"2022-04-28T19:49:45.616-04:00"}
America/Inuvik {"date":"2022-04-28T17:49:45.616-06:00"}
America/Iqaluit {"date":"2022-04-28T19:49:45.617-04:00"}
America/Jamaica {"date":"2022-04-28T18:49:45.617-05:00"}
America/Jujuy {"date":"2022-04-28T20:49:45.618-03:00"}
America/Juneau {"date":"2022-04-28T15:49:45.618-08:00"}
America/Kentucky/Louisville {"date":"2022-04-28T19:49:45.618-04:00"}
America/Kentucky/Monticello {"date":"2022-04-28T19:49:45.618-04:00"}
America/Knox_IN {"date":"2022-04-28T18:49:45.618-05:00"}
America/Kralendijk {"date":"2022-04-28T19:49:45.618-04:00"}
America/La_Paz {"date":"2022-04-28T19:49:45.618-04:00"}
America/Lima {"date":"2022-04-28T18:49:45.618-05:00"}
America/Los_Angeles {"date":"2022-04-28T16:49:45.618-07:00"}
America/Louisville {"date":"2022-04-28T19:49:45.618-04:00"}
America/Lower_Princes {"date":"2022-04-28T19:49:45.618-04:00"}
America/Maceio {"date":"2022-04-28T20:49:45.618-03:00"}
America/Managua {"date":"2022-04-28T17:49:45.618-06:00"}
America/Manaus {"date":"2022-04-28T19:49:45.618-04:00"}
America/Marigot {"date":"2022-04-28T19:49:45.618-04:00"}
America/Martinique {"date":"2022-04-28T19:49:45.618-04:00"}
America/Matamoros {"date":"2022-04-28T18:49:45.619-05:00"}
America/Mazatlan {"date":"2022-04-28T17:49:45.619-06:00"}
America/Mendoza {"date":"2022-04-28T20:49:45.619-03:00"}
America/Menominee {"date":"2022-04-28T18:49:45.619-05:00"}
America/Merida {"date":"2022-04-28T18:49:45.619-05:00"}
America/Metlakatla {"date":"2022-04-28T15:49:45.619-08:00"}
America/Mexico_City {"date":"2022-04-28T18:49:45.619-05:00"}
America/Miquelon {"date":"2022-04-28T21:49:45.619-02:00"}
America/Moncton {"date":"2022-04-28T20:49:45.619-03:00"}
America/Monterrey {"date":"2022-04-28T18:49:45.619-05:00"}
America/Montevideo {"date":"2022-04-28T20:49:45.619-03:00"}
America/Montreal {"date":"2022-04-28T19:49:45.619-04:00"}
America/Montserrat {"date":"2022-04-28T19:49:45.619-04:00"}
America/Nassau {"date":"2022-04-28T19:49:45.619-04:00"}
America/New_York {"date":"2022-04-28T19:49:45.619-04:00"}
America/Nipigon {"date":"2022-04-28T19:49:45.619-04:00"}
America/Nome {"date":"2022-04-28T15:49:45.619-08:00"}
America/Noronha {"date":"2022-04-28T21:49:45.620-02:00"}
America/North_Dakota/Beulah {"date":"2022-04-28T18:49:45.620-05:00"}
America/North_Dakota/Center {"date":"2022-04-28T18:49:45.620-05:00"}
America/North_Dakota/New_Salem {"date":"2022-04-28T18:49:45.620-05:00"}
America/Nuuk {"date":"2022-04-28T21:49:45.620-02:00"}
America/Ojinaga {"date":"2022-04-28T17:49:45.620-06:00"}
America/Panama {"date":"2022-04-28T18:49:45.620-05:00"}
America/Pangnirtung {"date":"2022-04-28T19:49:45.620-04:00"}
America/Paramaribo {"date":"2022-04-28T20:49:45.620-03:00"}
America/Phoenix {"date":"2022-04-28T16:49:45.620-07:00"}
America/Port-au-Prince {"date":"2022-04-28T19:49:45.620-04:00"}
America/Port_of_Spain {"date":"2022-04-28T19:49:45.620-04:00"}
America/Porto_Acre {"date":"2022-04-28T18:49:45.620-05:00"}
America/Porto_Velho {"date":"2022-04-28T19:49:45.620-04:00"}
America/Puerto_Rico {"date":"2022-04-28T19:49:45.621-04:00"}
America/Punta_Arenas {"date":"2022-04-28T20:49:45.621-03:00"}
America/Rainy_River {"date":"2022-04-28T18:49:45.621-05:00"}
America/Rankin_Inlet {"date":"2022-04-28T18:49:45.621-05:00"}
America/Recife {"date":"2022-04-28T20:49:45.621-03:00"}
America/Regina {"date":"2022-04-28T17:49:45.621-06:00"}
America/Resolute {"date":"2022-04-28T18:49:45.621-05:00"}
America/Rio_Branco {"date":"2022-04-28T18:49:45.621-05:00"}
America/Rosario {"date":"2022-04-28T20:49:45.621-03:00"}
America/Santa_Isabel {"date":"2022-04-28T16:49:45.621-07:00"}
America/Santarem {"date":"2022-04-28T20:49:45.621-03:00"}
America/Santiago {"date":"2022-04-28T19:49:45.621-04:00"}
America/Santo_Domingo {"date":"2022-04-28T19:49:45.621-04:00"}
America/Sao_Paulo {"date":"2022-04-28T20:49:45.621-03:00"}
America/Scoresbysund {"date":"2022-04-28T23:49:45.622Z"}
America/Shiprock {"date":"2022-04-28T17:49:45.628-06:00"}
America/Sitka {"date":"2022-04-28T15:49:45.628-08:00"}
America/St_Barthelemy {"date":"2022-04-28T19:49:45.628-04:00"}
America/St_Johns {"date":"2022-04-28T21:19:45.628-02:30"}
America/St_Kitts {"date":"2022-04-28T19:49:45.629-04:00"}
America/St_Lucia {"date":"2022-04-28T19:49:45.629-04:00"}
America/St_Thomas {"date":"2022-04-28T19:49:45.629-04:00"}
America/St_Vincent {"date":"2022-04-28T19:49:45.629-04:00"}
America/Swift_Current {"date":"2022-04-28T17:49:45.629-06:00"}
America/Tegucigalpa {"date":"2022-04-28T17:49:45.643-06:00"}
America/Thule {"date":"2022-04-28T20:49:45.644-03:00"}
America/Thunder_Bay {"date":"2022-04-28T19:49:45.644-04:00"}
America/Tijuana {"date":"2022-04-28T16:49:45.644-07:00"}
America/Toronto {"date":"2022-04-28T19:49:45.644-04:00"}
America/Tortola {"date":"2022-04-28T19:49:45.644-04:00"}
America/Vancouver {"date":"2022-04-28T16:49:45.644-07:00"}
America/Virgin {"date":"2022-04-28T19:49:45.644-04:00"}
America/Whitehorse {"date":"2022-04-28T16:49:45.644-07:00"}
America/Winnipeg {"date":"2022-04-28T18:49:45.644-05:00"}
America/Yakutat {"date":"2022-04-28T15:49:45.644-08:00"}
America/Yellowknife {"date":"2022-04-28T17:49:45.644-06:00"}
Antarctica/Casey {"date":"2022-04-29T10:49:45.644+11:00"}
Antarctica/Davis {"date":"2022-04-29T06:49:45.645+07:00"}
Antarctica/DumontDUrville {"date":"2022-04-29T09:49:45.645+10:00"}
Antarctica/Macquarie {"date":"2022-04-29T09:49:45.645+10:00"}
Antarctica/Mawson {"date":"2022-04-29T04:49:45.645+05:00"}
Antarctica/McMurdo {"date":"2022-04-29T11:49:45.645+12:00"}
Antarctica/Palmer {"date":"2022-04-28T20:49:45.645-03:00"}
Antarctica/Rothera {"date":"2022-04-28T20:49:45.645-03:00"}
Antarctica/South_Pole {"date":"2022-04-29T11:49:45.645+12:00"}
Antarctica/Syowa {"date":"2022-04-29T02:49:45.645+03:00"}
Antarctica/Troll {"date":"2022-04-29T01:49:45.645+02:00"}
Antarctica/Vostok {"date":"2022-04-29T05:49:45.645+06:00"}
Arctic/Longyearbyen {"date":"2022-04-29T01:49:45.645+02:00"}
Asia/Aden {"date":"2022-04-29T02:49:45.645+03:00"}
Asia/Almaty {"date":"2022-04-29T05:49:45.645+06:00"}
Asia/Amman {"date":"2022-04-29T02:49:45.645+03:00"}
Asia/Anadyr {"date":"2022-04-29T11:49:45.645+12:00"}
Asia/Aqtau {"date":"2022-04-29T04:49:45.645+05:00"}
Asia/Aqtobe {"date":"2022-04-29T04:49:45.645+05:00"}
Asia/Ashgabat {"date":"2022-04-29T04:49:45.645+05:00"}
Asia/Ashkhabad {"date":"2022-04-29T04:49:45.645+05:00"}
Asia/Atyrau {"date":"2022-04-29T04:49:45.646+05:00"}
Asia/Baghdad {"date":"2022-04-29T02:49:45.646+03:00"}
Asia/Bahrain {"date":"2022-04-29T02:49:45.646+03:00"}
Asia/Baku {"date":"2022-04-29T03:49:45.646+04:00"}
Asia/Bangkok {"date":"2022-04-29T06:49:45.646+07:00"}
Asia/Barnaul {"date":"2022-04-29T06:49:45.646+07:00"}
Asia/Beirut {"date":"2022-04-29T02:49:45.647+03:00"}
Asia/Bishkek {"date":"2022-04-29T05:49:45.647+06:00"}
Asia/Brunei {"date":"2022-04-29T07:49:45.648+08:00"}
Asia/Calcutta {"date":"2022-04-29T05:19:45.648+05:30"}
Asia/Chita {"date":"2022-04-29T08:49:45.648+09:00"}
Asia/Choibalsan {"date":"2022-04-29T07:49:45.648+08:00"}
Asia/Chongqing {"date":"2022-04-29T07:49:45.648+08:00"}
Asia/Chungking {"date":"2022-04-29T07:49:45.648+08:00"}
Asia/Colombo {"date":"2022-04-29T05:19:45.648+05:30"}
Asia/Dacca {"date":"2022-04-29T05:49:45.648+06:00"}
Asia/Damascus {"date":"2022-04-29T02:49:45.648+03:00"}
Asia/Dhaka {"date":"2022-04-29T05:49:45.648+06:00"}
Asia/Dili {"date":"2022-04-29T08:49:45.648+09:00"}
Asia/Dubai {"date":"2022-04-29T03:49:45.648+04:00"}
Asia/Dushanbe {"date":"2022-04-29T04:49:45.648+05:00"}
Asia/Famagusta {"date":"2022-04-29T02:49:45.648+03:00"}
Asia/Gaza {"date":"2022-04-29T02:49:45.648+03:00"}
Asia/Harbin {"date":"2022-04-29T07:49:45.648+08:00"}
Asia/Hebron {"date":"2022-04-29T02:49:45.648+03:00"}
Asia/Ho_Chi_Minh {"date":"2022-04-29T06:49:45.648+07:00"}
Asia/Hong_Kong {"date":"2022-04-29T07:49:45.648+08:00"}
Asia/Hovd {"date":"2022-04-29T06:49:45.649+07:00"}
Asia/Irkutsk {"date":"2022-04-29T07:49:45.649+08:00"}
Asia/Istanbul {"date":"2022-04-29T02:49:45.649+03:00"}
Asia/Jakarta {"date":"2022-04-29T06:49:45.649+07:00"}
Asia/Jayapura {"date":"2022-04-29T08:49:45.649+09:00"}
Asia/Jerusalem {"date":"2022-04-29T02:49:45.649+03:00"}
Asia/Kabul {"date":"2022-04-29T04:19:45.649+04:30"}
Asia/Kamchatka {"date":"2022-04-29T11:49:45.649+12:00"}
Asia/Karachi {"date":"2022-04-29T04:49:45.649+05:00"}
Asia/Kashgar {"date":"2022-04-29T05:49:45.649+06:00"}
Asia/Kathmandu {"date":"2022-04-29T05:34:45.649+05:45"}
Asia/Katmandu {"date":"2022-04-29T05:34:45.649+05:45"}
Asia/Khandyga {"date":"2022-04-29T08:49:45.649+09:00"}
Asia/Kolkata {"date":"2022-04-29T05:19:45.649+05:30"}
Asia/Krasnoyarsk {"date":"2022-04-29T06:49:45.649+07:00"}
Asia/Kuala_Lumpur {"date":"2022-04-29T07:49:45.649+08:00"}
Asia/Kuching {"date":"2022-04-29T07:49:45.649+08:00"}
Asia/Kuwait {"date":"2022-04-29T02:49:45.649+03:00"}
Asia/Macao {"date":"2022-04-29T07:49:45.649+08:00"}
Asia/Macau {"date":"2022-04-29T07:49:45.649+08:00"}
Asia/Magadan {"date":"2022-04-29T10:49:45.649+11:00"}
Asia/Makassar {"date":"2022-04-29T07:49:45.650+08:00"}
Asia/Manila {"date":"2022-04-29T07:49:45.650+08:00"}
Asia/Muscat {"date":"2022-04-29T03:49:45.650+04:00"}
Asia/Nicosia {"date":"2022-04-29T02:49:45.650+03:00"}
Asia/Novokuznetsk {"date":"2022-04-29T06:49:45.650+07:00"}
Asia/Novosibirsk {"date":"2022-04-29T06:49:45.650+07:00"}
Asia/Omsk {"date":"2022-04-29T05:49:45.650+06:00"}
Asia/Oral {"date":"2022-04-29T04:49:45.650+05:00"}
Asia/Phnom_Penh {"date":"2022-04-29T06:49:45.650+07:00"}
Asia/Pontianak {"date":"2022-04-29T06:49:45.650+07:00"}
Asia/Pyongyang {"date":"2022-04-29T08:49:45.650+09:00"}
Asia/Qatar {"date":"2022-04-29T02:49:45.650+03:00"}
Asia/Qostanay {"date":"2022-04-29T05:49:45.650+06:00"}
Asia/Qyzylorda {"date":"2022-04-29T04:49:45.650+05:00"}
Asia/Rangoon {"date":"2022-04-29T06:19:45.650+06:30"}
Asia/Riyadh {"date":"2022-04-29T02:49:45.650+03:00"}
Asia/Saigon {"date":"2022-04-29T06:49:45.650+07:00"}
Asia/Sakhalin {"date":"2022-04-29T10:49:45.651+11:00"}
Asia/Samarkand {"date":"2022-04-29T04:49:45.651+05:00"}
Asia/Seoul {"date":"2022-04-29T08:49:45.651+09:00"}
Asia/Shanghai {"date":"2022-04-29T07:49:45.651+08:00"}
Asia/Singapore {"date":"2022-04-29T07:49:45.651+08:00"}
Asia/Srednekolymsk {"date":"2022-04-29T10:49:45.651+11:00"}
Asia/Taipei {"date":"2022-04-29T07:49:45.651+08:00"}
Asia/Tashkent {"date":"2022-04-29T04:49:45.651+05:00"}
Asia/Tbilisi {"date":"2022-04-29T03:49:45.651+04:00"}
Asia/Tehran {"date":"2022-04-29T04:19:45.651+04:30"}
Asia/Tel_Aviv {"date":"2022-04-29T02:49:45.651+03:00"}
Asia/Thimbu {"date":"2022-04-29T05:49:45.651+06:00"}
Asia/Thimphu {"date":"2022-04-29T05:49:45.651+06:00"}
Asia/Tokyo {"date":"2022-04-29T08:49:45.651+09:00"}
Asia/Tomsk {"date":"2022-04-29T06:49:45.651+07:00"}
Asia/Ujung_Pandang {"date":"2022-04-29T07:49:45.652+08:00"}
Asia/Ulaanbaatar {"date":"2022-04-29T07:49:45.652+08:00"}
Asia/Ulan_Bator {"date":"2022-04-29T07:49:45.652+08:00"}
Asia/Urumqi {"date":"2022-04-29T05:49:45.652+06:00"}
Asia/Ust-Nera {"date":"2022-04-29T09:49:45.652+10:00"}
Asia/Vientiane {"date":"2022-04-29T06:49:45.652+07:00"}
Asia/Vladivostok {"date":"2022-04-29T09:49:45.652+10:00"}
Asia/Yakutsk {"date":"2022-04-29T08:49:45.652+09:00"}
Asia/Yangon {"date":"2022-04-29T06:19:45.652+06:30"}
Asia/Yekaterinburg {"date":"2022-04-29T04:49:45.652+05:00"}
Asia/Yerevan {"date":"2022-04-29T03:49:45.652+04:00"}
Atlantic/Azores {"date":"2022-04-28T23:49:45.652Z"}
Atlantic/Bermuda {"date":"2022-04-28T20:49:45.653-03:00"}
Atlantic/Canary {"date":"2022-04-29T00:49:45.653+01:00"}
Atlantic/Cape_Verde {"date":"2022-04-28T22:49:45.654-01:00"}
Atlantic/Faeroe {"date":"2022-04-29T00:49:45.654+01:00"}
Atlantic/Faroe {"date":"2022-04-29T00:49:45.654+01:00"}
Atlantic/Jan_Mayen {"date":"2022-04-29T01:49:45.655+02:00"}
Atlantic/Madeira {"date":"2022-04-29T00:49:45.655+01:00"}
Atlantic/Reykjavik {"date":"2022-04-28T23:49:45.655Z"}
Atlantic/South_Georgia {"date":"2022-04-28T21:49:45.655-02:00"}
Atlantic/St_Helena {"date":"2022-04-28T23:49:45.655Z"}
Atlantic/Stanley {"date":"2022-04-28T20:49:45.655-03:00"}
Australia/ACT {"date":"2022-04-29T09:49:45.656+10:00"}
Australia/Adelaide {"date":"2022-04-29T09:19:45.656+09:30"}
Australia/Brisbane {"date":"2022-04-29T09:49:45.656+10:00"}
Australia/Broken_Hill {"date":"2022-04-29T09:19:45.656+09:30"}
Australia/Canberra {"date":"2022-04-29T09:49:45.656+10:00"}
Australia/Currie {"date":"2022-04-29T09:49:45.656+10:00"}
Australia/Darwin {"date":"2022-04-29T09:19:45.656+09:30"}
Australia/Eucla {"date":"2022-04-29T08:34:45.656+08:45"}
Australia/Hobart {"date":"2022-04-29T09:49:45.657+10:00"}
Australia/LHI {"date":"2022-04-29T10:19:45.657+10:30"}
Australia/Lindeman {"date":"2022-04-29T09:49:45.657+10:00"}
Australia/Lord_Howe {"date":"2022-04-29T10:19:45.657+10:30"}
Australia/Melbourne {"date":"2022-04-29T09:49:45.659+10:00"}
Australia/NSW {"date":"2022-04-29T09:49:45.660+10:00"}
Australia/North {"date":"2022-04-29T09:19:45.660+09:30"}
Australia/Perth {"date":"2022-04-29T07:49:45.660+08:00"}
Australia/Queensland {"date":"2022-04-29T09:49:45.660+10:00"}
Australia/South {"date":"2022-04-29T09:19:45.660+09:30"}
Australia/Sydney {"date":"2022-04-29T09:49:45.660+10:00"}
Australia/Tasmania {"date":"2022-04-29T09:49:45.660+10:00"}
Australia/Victoria {"date":"2022-04-29T09:49:45.660+10:00"}
Australia/West {"date":"2022-04-29T07:49:45.660+08:00"}
Australia/Yancowinna {"date":"2022-04-29T09:19:45.660+09:30"}
Brazil/Acre {"date":"2022-04-28T18:49:45.661-05:00"}
Brazil/DeNoronha {"date":"2022-04-28T21:49:45.661-02:00"}
Brazil/East {"date":"2022-04-28T20:49:45.662-03:00"}
Brazil/West {"date":"2022-04-28T19:49:45.663-04:00"}
CET {"date":"2022-04-29T01:49:45.664+02:00"}
CST6CDT {"date":"2022-04-28T18:49:45.664-05:00"}
Canada/Atlantic {"date":"2022-04-28T20:49:45.665-03:00"}
Canada/Central {"date":"2022-04-28T18:49:45.665-05:00"}
Canada/Eastern {"date":"2022-04-28T19:49:45.665-04:00"}
Canada/Mountain {"date":"2022-04-28T17:49:45.665-06:00"}
Canada/Newfoundland {"date":"2022-04-28T21:19:45.665-02:30"}
Canada/Pacific {"date":"2022-04-28T16:49:45.665-07:00"}
Canada/Saskatchewan {"date":"2022-04-28T17:49:45.665-06:00"}
Canada/Yukon {"date":"2022-04-28T16:49:45.665-07:00"}
Chile/Continental {"date":"2022-04-28T19:49:45.665-04:00"}
Chile/EasterIsland {"date":"2022-04-28T17:49:45.665-06:00"}
Cuba {"date":"2022-04-28T19:49:45.665-04:00"}
EET {"date":"2022-04-29T02:49:45.665+03:00"}
EST5EDT {"date":"2022-04-28T19:49:45.665-04:00"}
Egypt {"date":"2022-04-29T01:49:45.665+02:00"}
Eire {"date":"2022-04-29T00:49:45.665+01:00"}
Etc/GMT {"date":"2022-04-28T23:49:45.666Z"}
Etc/GMT+0 {"date":"2022-04-28T23:49:45.666Z"}
Etc/GMT+1 {"date":"2022-04-28T22:49:45.666-01:00"}
Etc/GMT+10 {"date":"2022-04-28T13:49:45.666-10:00"}
Etc/GMT+11 {"date":"2022-04-28T12:49:45.666-11:00"}
Etc/GMT+12 {"date":"2022-04-28T11:49:45.666-12:00"}
Etc/GMT+2 {"date":"2022-04-28T21:49:45.667-02:00"}
Etc/GMT+3 {"date":"2022-04-28T20:49:45.667-03:00"}
Etc/GMT+4 {"date":"2022-04-28T19:49:45.667-04:00"}
Etc/GMT+5 {"date":"2022-04-28T18:49:45.667-05:00"}
Etc/GMT+6 {"date":"2022-04-28T17:49:45.667-06:00"}
Etc/GMT+7 {"date":"2022-04-28T16:49:45.667-07:00"}
Etc/GMT+8 {"date":"2022-04-28T15:49:45.667-08:00"}
Etc/GMT+9 {"date":"2022-04-28T14:49:45.667-09:00"}
Etc/GMT-0 {"date":"2022-04-28T23:49:45.667Z"}
Etc/GMT-1 {"date":"2022-04-29T00:49:45.667+01:00"}
Etc/GMT-10 {"date":"2022-04-29T09:49:45.667+10:00"}
Etc/GMT-11 {"date":"2022-04-29T10:49:45.667+11:00"}
Etc/GMT-12 {"date":"2022-04-29T11:49:45.667+12:00"}
Etc/GMT-13 {"date":"2022-04-29T12:49:45.667+13:00"}
Etc/GMT-14 {"date":"2022-04-29T13:49:45.667+14:00"}
Etc/GMT-2 {"date":"2022-04-29T01:49:45.667+02:00"}
Etc/GMT-3 {"date":"2022-04-29T02:49:45.667+03:00"}
Etc/GMT-4 {"date":"2022-04-29T03:49:45.667+04:00"}
Etc/GMT-5 {"date":"2022-04-29T04:49:45.667+05:00"}
Etc/GMT-6 {"date":"2022-04-29T05:49:45.667+06:00"}
Etc/GMT-7 {"date":"2022-04-29T06:49:45.667+07:00"}
Etc/GMT-8 {"date":"2022-04-29T07:49:45.668+08:00"}
Etc/GMT-9 {"date":"2022-04-29T08:49:45.668+09:00"}
Etc/GMT0 {"date":"2022-04-28T23:49:45.668Z"}
Etc/Greenwich {"date":"2022-04-28T23:49:45.668Z"}
Etc/UCT {"date":"2022-04-28T23:49:45.668Z"}
Etc/UTC {"date":"2022-04-28T23:49:45.668Z"}
Etc/Universal {"date":"2022-04-28T23:49:45.668Z"}
Etc/Zulu {"date":"2022-04-28T23:49:45.668Z"}
Europe/Amsterdam {"date":"2022-04-29T01:49:45.668+02:00"}
Europe/Andorra {"date":"2022-04-29T01:49:45.668+02:00"}
Europe/Astrakhan {"date":"2022-04-29T03:49:45.668+04:00"}
Europe/Athens {"date":"2022-04-29T02:49:45.668+03:00"}
Europe/Belfast {"date":"2022-04-29T00:49:45.668+01:00"}
Europe/Belgrade {"date":"2022-04-29T01:49:45.668+02:00"}
Europe/Berlin {"date":"2022-04-29T01:49:45.668+02:00"}
Europe/Bratislava {"date":"2022-04-29T01:49:45.668+02:00"}
Europe/Brussels {"date":"2022-04-29T01:49:45.668+02:00"}
Europe/Bucharest {"date":"2022-04-29T02:49:45.669+03:00"}
Europe/Budapest {"date":"2022-04-29T01:49:45.669+02:00"}
Europe/Busingen {"date":"2022-04-29T01:49:45.669+02:00"}
Europe/Chisinau {"date":"2022-04-29T02:49:45.669+03:00"}
Europe/Copenhagen {"date":"2022-04-29T01:49:45.669+02:00"}
Europe/Dublin {"date":"2022-04-29T00:49:45.669+01:00"}
Europe/Gibraltar {"date":"2022-04-29T01:49:45.669+02:00"}
Europe/Guernsey {"date":"2022-04-29T00:49:45.670+01:00"}
Europe/Helsinki {"date":"2022-04-29T02:49:45.670+03:00"}
Europe/Isle_of_Man {"date":"2022-04-29T00:49:45.670+01:00"}
Europe/Istanbul {"date":"2022-04-29T02:49:45.670+03:00"}
Europe/Jersey {"date":"2022-04-29T00:49:45.670+01:00"}
Europe/Kaliningrad {"date":"2022-04-29T01:49:45.670+02:00"}
Europe/Kiev {"date":"2022-04-29T02:49:45.670+03:00"}
Europe/Kirov {"date":"2022-04-29T02:49:45.670+03:00"}
Europe/Lisbon {"date":"2022-04-29T00:49:45.670+01:00"}
Europe/Ljubljana {"date":"2022-04-29T01:49:45.670+02:00"}
Europe/London {"date":"2022-04-29T00:49:45.670+01:00"}
Europe/Luxembourg {"date":"2022-04-29T01:49:45.670+02:00"}
Europe/Madrid {"date":"2022-04-29T01:49:45.670+02:00"}
Europe/Malta {"date":"2022-04-29T01:49:45.670+02:00"}
Europe/Mariehamn {"date":"2022-04-29T02:49:45.671+03:00"}
Europe/Minsk {"date":"2022-04-29T02:49:45.671+03:00"}
Europe/Monaco {"date":"2022-04-29T01:49:45.672+02:00"}
Europe/Moscow {"date":"2022-04-29T02:49:45.673+03:00"}
Europe/Nicosia {"date":"2022-04-29T02:49:45.673+03:00"}
Europe/Oslo {"date":"2022-04-29T01:49:45.673+02:00"}
Europe/Paris {"date":"2022-04-29T01:49:45.673+02:00"}
Europe/Podgorica {"date":"2022-04-29T01:49:45.673+02:00"}
Europe/Prague {"date":"2022-04-29T01:49:45.673+02:00"}
Europe/Riga {"date":"2022-04-29T02:49:45.673+03:00"}
Europe/Rome {"date":"2022-04-29T01:49:45.674+02:00"}
Europe/Samara {"date":"2022-04-29T03:49:45.674+04:00"}
Europe/San_Marino {"date":"2022-04-29T01:49:45.674+02:00"}
Europe/Sarajevo {"date":"2022-04-29T01:49:45.674+02:00"}
Europe/Saratov {"date":"2022-04-29T03:49:45.674+04:00"}
Europe/Simferopol {"date":"2022-04-29T02:49:45.674+03:00"}
Europe/Skopje {"date":"2022-04-29T01:49:45.674+02:00"}
Europe/Sofia {"date":"2022-04-29T02:49:45.674+03:00"}
Europe/Stockholm {"date":"2022-04-29T01:49:45.674+02:00"}
Europe/Tallinn {"date":"2022-04-29T02:49:45.674+03:00"}
Europe/Tirane {"date":"2022-04-29T01:49:45.674+02:00"}
Europe/Tiraspol {"date":"2022-04-29T02:49:45.674+03:00"}
Europe/Ulyanovsk {"date":"2022-04-29T03:49:45.674+04:00"}
Europe/Uzhgorod {"date":"2022-04-29T02:49:45.674+03:00"}
Europe/Vaduz {"date":"2022-04-29T01:49:45.674+02:00"}
Europe/Vatican {"date":"2022-04-29T01:49:45.674+02:00"}
Europe/Vienna {"date":"2022-04-29T01:49:45.675+02:00"}
Europe/Vilnius {"date":"2022-04-29T02:49:45.675+03:00"}
Europe/Volgograd {"date":"2022-04-29T02:49:45.675+03:00"}
Europe/Warsaw {"date":"2022-04-29T01:49:45.676+02:00"}
Europe/Zagreb {"date":"2022-04-29T01:49:45.681+02:00"}
Europe/Zaporozhye {"date":"2022-04-29T02:49:45.681+03:00"}
Europe/Zurich {"date":"2022-04-29T01:49:45.681+02:00"}
GB {"date":"2022-04-29T00:49:45.681+01:00"}
GB-Eire {"date":"2022-04-29T00:49:45.681+01:00"}
GMT {"date":"2022-04-28T23:49:45.681Z"}
GMT0 {"date":"2022-04-28T23:49:45.681Z"}
Greenwich {"date":"2022-04-28T23:49:45.681Z"}
Hongkong {"date":"2022-04-29T07:49:45.681+08:00"}
Iceland {"date":"2022-04-28T23:49:45.681Z"}
Indian/Antananarivo {"date":"2022-04-29T02:49:45.681+03:00"}
Indian/Chagos {"date":"2022-04-29T05:49:45.681+06:00"}
Indian/Christmas {"date":"2022-04-29T06:49:45.681+07:00"}
Indian/Cocos {"date":"2022-04-29T06:19:45.681+06:30"}
Indian/Comoro {"date":"2022-04-29T02:49:45.682+03:00"}
Indian/Kerguelen {"date":"2022-04-29T04:49:45.682+05:00"}
Indian/Mahe {"date":"2022-04-29T03:49:45.682+04:00"}
Indian/Maldives {"date":"2022-04-29T04:49:45.682+05:00"}
Indian/Mauritius {"date":"2022-04-29T03:49:45.682+04:00"}
Indian/Mayotte {"date":"2022-04-29T02:49:45.682+03:00"}
Indian/Reunion {"date":"2022-04-29T03:49:45.682+04:00"}
Iran {"date":"2022-04-29T04:19:45.682+04:30"}
Israel {"date":"2022-04-29T02:49:45.682+03:00"}
Jamaica {"date":"2022-04-28T18:49:45.682-05:00"}
Japan {"date":"2022-04-29T08:49:45.682+09:00"}
Kwajalein {"date":"2022-04-29T11:49:45.682+12:00"}
Libya {"date":"2022-04-29T01:49:45.682+02:00"}
MET {"date":"2022-04-29T01:49:45.682+02:00"}
MST7MDT {"date":"2022-04-28T17:49:45.682-06:00"}
Mexico/BajaNorte {"date":"2022-04-28T16:49:45.682-07:00"}
Mexico/BajaSur {"date":"2022-04-28T17:49:45.682-06:00"}
Mexico/General {"date":"2022-04-28T18:49:45.682-05:00"}
NZ {"date":"2022-04-29T11:49:45.682+12:00"}
NZ-CHAT {"date":"2022-04-29T12:34:45.682+12:45"}
Navajo {"date":"2022-04-28T17:49:45.682-06:00"}
PRC {"date":"2022-04-29T07:49:45.682+08:00"}
PST8PDT {"date":"2022-04-28T16:49:45.682-07:00"}
Pacific/Apia {"date":"2022-04-29T12:49:45.682+13:00"}
Pacific/Auckland {"date":"2022-04-29T11:49:45.683+12:00"}
Pacific/Bougainville {"date":"2022-04-29T10:49:45.683+11:00"}
Pacific/Chatham {"date":"2022-04-29T12:34:45.683+12:45"}
Pacific/Chuuk {"date":"2022-04-29T09:49:45.683+10:00"}
Pacific/Easter {"date":"2022-04-28T17:49:45.683-06:00"}
Pacific/Efate {"date":"2022-04-29T10:49:45.683+11:00"}
Pacific/Enderbury {"date":"2022-04-29T12:49:45.683+13:00"}
Pacific/Fakaofo {"date":"2022-04-29T12:49:45.683+13:00"}
Pacific/Fiji {"date":"2022-04-29T11:49:45.683+12:00"}
Pacific/Funafuti {"date":"2022-04-29T11:49:45.683+12:00"}
Pacific/Galapagos {"date":"2022-04-28T17:49:45.683-06:00"}
Pacific/Gambier {"date":"2022-04-28T14:49:45.683-09:00"}
Pacific/Guadalcanal {"date":"2022-04-29T10:49:45.683+11:00"}
Pacific/Guam {"date":"2022-04-29T09:49:45.683+10:00"}
Pacific/Honolulu {"date":"2022-04-28T13:49:45.683-10:00"}
Pacific/Johnston {"date":"2022-04-28T13:49:45.683-10:00"}
Pacific/Kanton {"date":"2022-04-29T12:49:45.683+13:00"}
Pacific/Kiritimati {"date":"2022-04-29T13:49:45.683+14:00"}
Pacific/Kosrae {"date":"2022-04-29T10:49:45.683+11:00"}
Pacific/Kwajalein {"date":"2022-04-29T11:49:45.683+12:00"}
Pacific/Majuro {"date":"2022-04-29T11:49:45.683+12:00"}
Pacific/Marquesas {"date":"2022-04-28T14:19:45.683-09:30"}
Pacific/Midway {"date":"2022-04-28T12:49:45.683-11:00"}
Pacific/Nauru {"date":"2022-04-29T11:49:45.683+12:00"}
Pacific/Niue {"date":"2022-04-28T12:49:45.683-11:00"}
Pacific/Norfolk {"date":"2022-04-29T10:49:45.683+11:00"}
Pacific/Noumea {"date":"2022-04-29T10:49:45.683+11:00"}
Pacific/Pago_Pago {"date":"2022-04-28T12:49:45.683-11:00"}
Pacific/Palau {"date":"2022-04-29T08:49:45.684+09:00"}
Pacific/Pitcairn {"date":"2022-04-28T15:49:45.684-08:00"}
Pacific/Pohnpei {"date":"2022-04-29T10:49:45.686+11:00"}
Pacific/Ponape {"date":"2022-04-29T10:49:45.687+11:00"}
Pacific/Port_Moresby {"date":"2022-04-29T09:49:45.687+10:00"}
Pacific/Rarotonga {"date":"2022-04-28T13:49:45.687-10:00"}
Pacific/Saipan {"date":"2022-04-29T09:49:45.687+10:00"}
Pacific/Samoa {"date":"2022-04-28T12:49:45.687-11:00"}
Pacific/Tahiti {"date":"2022-04-28T13:49:45.687-10:00"}
Pacific/Tarawa {"date":"2022-04-29T11:49:45.687+12:00"}
Pacific/Tongatapu {"date":"2022-04-29T12:49:45.687+13:00"}
Pacific/Truk {"date":"2022-04-29T09:49:45.687+10:00"}
Pacific/Wake {"date":"2022-04-29T11:49:45.687+12:00"}
Pacific/Wallis {"date":"2022-04-29T11:49:45.688+12:00"}
Pacific/Yap {"date":"2022-04-29T09:49:45.688+10:00"}
Poland {"date":"2022-04-29T01:49:45.688+02:00"}
Portugal {"date":"2022-04-29T00:49:45.688+01:00"}
ROK {"date":"2022-04-29T08:49:45.688+09:00"}
Singapore {"date":"2022-04-29T07:49:45.688+08:00"}
SystemV/AST4 {"date":"2022-04-28T19:49:45.688-04:00"}
SystemV/AST4ADT {"date":"2022-04-28T20:49:45.688-03:00"}
SystemV/CST6 {"date":"2022-04-28T17:49:45.688-06:00"}
SystemV/CST6CDT {"date":"2022-04-28T18:49:45.688-05:00"}
SystemV/EST5 {"date":"2022-04-28T18:49:45.688-05:00"}
SystemV/EST5EDT {"date":"2022-04-28T19:49:45.688-04:00"}
SystemV/HST10 {"date":"2022-04-28T13:49:45.688-10:00"}
SystemV/MST7 {"date":"2022-04-28T16:49:45.688-07:00"}
SystemV/MST7MDT {"date":"2022-04-28T17:49:45.688-06:00"}
SystemV/PST8 {"date":"2022-04-28T15:49:45.688-08:00"}
SystemV/PST8PDT {"date":"2022-04-28T16:49:45.688-07:00"}
SystemV/YST9 {"date":"2022-04-28T14:49:45.688-09:00"}
SystemV/YST9YDT {"date":"2022-04-28T15:49:45.688-08:00"}
Turkey {"date":"2022-04-29T02:49:45.688+03:00"}
UCT {"date":"2022-04-28T23:49:45.688Z"}
US/Alaska {"date":"2022-04-28T15:49:45.688-08:00"}
US/Aleutian {"date":"2022-04-28T14:49:45.688-09:00"}
US/Arizona {"date":"2022-04-28T16:49:45.688-07:00"}
US/Central {"date":"2022-04-28T18:49:45.688-05:00"}
US/East-Indiana {"date":"2022-04-28T19:49:45.688-04:00"}
US/Eastern {"date":"2022-04-28T19:49:45.689-04:00"}
US/Hawaii {"date":"2022-04-28T13:49:45.689-10:00"}
US/Indiana-Starke {"date":"2022-04-28T18:49:45.689-05:00"}
US/Michigan {"date":"2022-04-28T19:49:45.689-04:00"}
US/Mountain {"date":"2022-04-28T17:49:45.689-06:00"}
US/Pacific {"date":"2022-04-28T16:49:45.689-07:00"}
US/Samoa {"date":"2022-04-28T12:49:45.689-11:00"}
UTC {"date":"2022-04-28T23:49:45.689Z"}
Universal {"date":"2022-04-28T23:49:45.689Z"}
W-SU {"date":"2022-04-29T02:49:45.689+03:00"}
WET {"date":"2022-04-29T00:49:45.689+01:00"}
Zulu {"date":"2022-04-28T23:49:45.690Z"}
EST {"date":"2022-04-28T18:49:45.690-05:00"}
HST {"date":"2022-04-28T13:49:45.690-10:00"}
MST {"date":"2022-04-28T16:49:45.690-07:00"}
ACT {"date":"2022-04-29T09:19:45.691+09:30"}
AET {"date":"2022-04-29T09:49:45.691+10:00"}
AGT {"date":"2022-04-28T20:49:45.691-03:00"}
ART {"date":"2022-04-29T01:49:45.691+02:00"}
AST {"date":"2022-04-28T15:49:45.691-08:00"}
BET {"date":"2022-04-28T20:49:45.691-03:00"}
BST {"date":"2022-04-29T05:49:45.691+06:00"}
CAT {"date":"2022-04-29T01:49:45.691+02:00"}
CNT {"date":"2022-04-28T21:19:45.691-02:30"}
CST {"date":"2022-04-28T18:49:45.691-05:00"}
CTT {"date":"2022-04-29T07:49:45.691+08:00"}
EAT {"date":"2022-04-29T02:49:45.691+03:00"}
ECT {"date":"2022-04-29T01:49:45.691+02:00"}
IET {"date":"2022-04-28T19:49:45.691-04:00"}
IST {"date":"2022-04-29T05:19:45.691+05:30"}
JST {"date":"2022-04-29T08:49:45.691+09:00"}
MIT {"date":"2022-04-29T12:49:45.691+13:00"}
NET {"date":"2022-04-29T03:49:45.691+04:00"}
NST {"date":"2022-04-29T11:49:45.691+12:00"}
PLT {"date":"2022-04-29T04:49:45.691+05:00"}
PNT {"date":"2022-04-28T16:49:45.691-07:00"}
PRT {"date":"2022-04-28T19:49:45.691-04:00"}
PST {"date":"2022-04-28T16:49:45.691-07:00"}
SST {"date":"2022-04-29T10:49:45.692+11:00"}
VST {"date":"2022-04-29T06:49:45.692+07:00"}
]]></system-out>
  </testcase>
</testsuite>